{"name": "User can see titles and pictures on each product inside the off plan page", "status": "failed", "statusDetails": {"message": "AssertionError:  Failed while verifying all products:  No product items were found on the page.\n", "trace": "  File \"D:\\AutomationTesting\\internship-project\\python-selenium-automation-main\\.venv\\Lib\\site-packages\\behave\\model.py\", line 1329, in run\n    match.run(runner.context)\n  File \"D:\\AutomationTesting\\internship-project\\python-selenium-automation-main\\.venv\\Lib\\site-packages\\behave\\matchers.py\", line 98, in run\n    self.func(context, *args, **kwargs)\n  File \"features\\steps\\off_plan_steps.py\", line 28, in step_verify_product_content\n    assert context.app.off_plan_page.all_products_have_title_and_image()\n           ^^^^^^^^^^^^^^^^^^^^^^^^^^^^^^^^^^^^^^^^^^^^^^^^^^^^^^^^^^^^^\n  File \"D:\\AutomationTesting\\internship-project\\python-selenium-automation-main\\pages\\off_plan_page.py\", line 49, in all_products_have_title_and_image\n    raise AssertionError(f\" Failed while verifying all products: {str(e)}\")\n"}, "steps": [{"name": "Given Open the main page", "status": "passed", "start": 1753360866742, "stop": 1753360872241}, {"name": "When Login to the login page.", "status": "passed", "start": 1753360872241, "stop": 1753360891413}, {"name": "And Click on “off plan” at the left side menu.", "status": "passed", "start": 1753360891414, "stop": 1753360899667}, {"name": "Then Verify the right page opens.", "status": "passed", "start": 1753360899667, "stop": 1753360899779}, {"name": "Then Verify each product on this page contains a title and picture visible.", "status": "failed", "statusDetails": {"message": "AssertionError:  Failed while verifying all products:  No product items were found on the page.\n", "trace": "  File \"D:\\AutomationTesting\\internship-project\\python-selenium-automation-main\\.venv\\Lib\\site-packages\\behave\\model.py\", line 1329, in run\n    match.run(runner.context)\n  File \"D:\\AutomationTesting\\internship-project\\python-selenium-automation-main\\.venv\\Lib\\site-packages\\behave\\matchers.py\", line 98, in run\n    self.func(context, *args, **kwargs)\n  File \"features\\steps\\off_plan_steps.py\", line 28, in step_verify_product_content\n    assert context.app.off_plan_page.all_products_have_title_and_image()\n           ^^^^^^^^^^^^^^^^^^^^^^^^^^^^^^^^^^^^^^^^^^^^^^^^^^^^^^^^^^^^^\n  File \"D:\\AutomationTesting\\internship-project\\python-selenium-automation-main\\pages\\off_plan_page.py\", line 49, in all_products_have_title_and_image\n    raise AssertionError(f\" Failed while verifying all products: {str(e)}\")\n"}, "start": 1753360899781, "stop": 1753360903831}], "start": 1753360860044, "stop": 1753360906175, "uuid": "77e8171e-05e0-4a01-80b5-413de9bdf7b8", "historyId": "715828c220a2f99edc3cc0cf170f25d1", "fullName": "testing off plan page: User can see titles and pictures on each product inside the off plan page", "labels": [{"name": "severity", "value": "normal"}, {"name": "feature", "value": "testing off plan page"}, {"name": "framework", "value": "behave"}, {"name": "language", "value": "cpython3"}]}