{"name": "User can see titles and pictures on each product inside the off plan page", "status": "failed", "statusDetails": {"message": "AssertionError:  Failed while verifying all products:  No product items were found on the page.\n", "trace": "  File \"D:\\AutomationTesting\\internship-project\\python-selenium-automation-main\\.venv\\Lib\\site-packages\\behave\\model.py\", line 1329, in run\n    match.run(runner.context)\n  File \"D:\\AutomationTesting\\internship-project\\python-selenium-automation-main\\.venv\\Lib\\site-packages\\behave\\matchers.py\", line 98, in run\n    self.func(context, *args, **kwargs)\n  File \"features\\steps\\off_plan_steps.py\", line 28, in step_verify_product_content\n    assert context.app.off_plan_page.all_products_have_title_and_image()\n           ^^^^^^^^^^^^^^^^^^^^^^^^^^^^^^^^^^^^^^^^^^^^^^^^^^^^^^^^^^^^^\n  File \"D:\\AutomationTesting\\internship-project\\python-selenium-automation-main\\pages\\off_plan_page.py\", line 49, in all_products_have_title_and_image\n    raise AssertionError(f\" Failed while verifying all products: {str(e)}\")\n"}, "steps": [{"name": "Given Open the main page", "status": "passed", "start": 1753359727623, "stop": 1753359733931}, {"name": "When Login to the login page.", "status": "passed", "start": 1753359733931, "stop": 1753359738362}, {"name": "And Click on “off plan” at the left side menu.", "status": "passed", "start": 1753359738362, "stop": 1753359742995}, {"name": "Then Verify the right page opens.", "status": "passed", "start": 1753359742995, "stop": 1753359743102}, {"name": "Then Verify each product on this page contains a title and picture visible.", "status": "failed", "statusDetails": {"message": "AssertionError:  Failed while verifying all products:  No product items were found on the page.\n", "trace": "  File \"D:\\AutomationTesting\\internship-project\\python-selenium-automation-main\\.venv\\Lib\\site-packages\\behave\\model.py\", line 1329, in run\n    match.run(runner.context)\n  File \"D:\\AutomationTesting\\internship-project\\python-selenium-automation-main\\.venv\\Lib\\site-packages\\behave\\matchers.py\", line 98, in run\n    self.func(context, *args, **kwargs)\n  File \"features\\steps\\off_plan_steps.py\", line 28, in step_verify_product_content\n    assert context.app.off_plan_page.all_products_have_title_and_image()\n           ^^^^^^^^^^^^^^^^^^^^^^^^^^^^^^^^^^^^^^^^^^^^^^^^^^^^^^^^^^^^^\n  File \"D:\\AutomationTesting\\internship-project\\python-selenium-automation-main\\pages\\off_plan_page.py\", line 49, in all_products_have_title_and_image\n    raise AssertionError(f\" Failed while verifying all products: {str(e)}\")\n"}, "start": 1753359743102, "stop": 1753359747183}], "start": 1753359722547, "stop": 1753359749486, "uuid": "bf0782d8-c991-4227-8bb1-a12025a9079b", "historyId": "715828c220a2f99edc3cc0cf170f25d1", "fullName": "testing off plan page: User can see titles and pictures on each product inside the off plan page", "labels": [{"name": "severity", "value": "normal"}, {"name": "feature", "value": "testing off plan page"}, {"name": "framework", "value": "behave"}, {"name": "language", "value": "cpython3"}]}